[debug] [2025-08-22T13:51:29.367Z] ----------------------------------------------------------------------
[debug] [2025-08-22T13:51:29.370Z] Command:       C:\Program Files\nodejs\node.exe C:\Users\mahin\AppData\Roaming\npm\node_modules\firebase-tools\lib\bin\firebase.js init
[debug] [2025-08-22T13:51:29.371Z] CLI Version:   14.4.0
[debug] [2025-08-22T13:51:29.371Z] Platform:      win32
[debug] [2025-08-22T13:51:29.371Z] Node Version:  v22.16.0
[debug] [2025-08-22T13:51:29.371Z] Time:          Fri Aug 22 2025 19:51:29 GMT+0600 (Bangladesh Standard Time)
[debug] [2025-08-22T13:51:29.371Z] ----------------------------------------------------------------------
[debug] 
[debug] [2025-08-22T13:51:29.629Z] > command requires scopes: ["email","openid","https://www.googleapis.com/auth/cloudplatformprojects.readonly","https://www.googleapis.com/auth/firebase","https://www.googleapis.com/auth/cloud-platform"]
[debug] [2025-08-22T13:51:29.630Z] > authorizing via signed-in user (afjalhossainmahin0@gmail.com)
[info] 
     ######## #### ########  ######## ########     ###     ######  ########
     ##        ##  ##     ## ##       ##     ##  ##   ##  ##       ##
     ######    ##  ########  ######   ########  #########  ######  ######
     ##        ##  ##    ##  ##       ##     ## ##     ##       ## ##
     ##       #### ##     ## ######## ########  ##     ##  ######  ########

You're about to initialize a Firebase project in this directory:

  C:\webdev25\SCIC\try4\quickcart

Before we get started, keep in mind:

  * You are currently outside your home directory
  * You are initializing within an existing Firebase project directory

[info] 
=== Project Setup
[info] 
[info] First, let's associate this project directory with a Firebase project.
[info] You can create multiple project aliases by running firebase use --add, 
[info] but for now we'll just set up a default project.
[info] 
[debug] [2025-08-22T13:51:41.170Z] Using project from CLI flag: scic-6099e
[debug] [2025-08-22T13:51:41.171Z] Checked if tokens are valid: true, expires at: 1755874234765
[debug] [2025-08-22T13:51:41.171Z] Checked if tokens are valid: true, expires at: 1755874234765
[debug] [2025-08-22T13:51:41.172Z] >>> [apiv2][query] GET https://firebase.googleapis.com/v1beta1/projects/scic-6099e [none]
[debug] [2025-08-22T13:51:41.860Z] <<< [apiv2][status] GET https://firebase.googleapis.com/v1beta1/projects/scic-6099e 403
[debug] [2025-08-22T13:51:41.860Z] <<< [apiv2][body] GET https://firebase.googleapis.com/v1beta1/projects/scic-6099e {"error":{"code":403,"message":"The caller does not have permission","status":"PERMISSION_DENIED"}}
[debug] [2025-08-22T13:51:41.861Z] Request to https://firebase.googleapis.com/v1beta1/projects/scic-6099e had HTTP Error: 403, The caller does not have permission
[debug] [2025-08-22T13:51:42.134Z] FirebaseError: Request to https://firebase.googleapis.com/v1beta1/projects/scic-6099e had HTTP Error: 403, The caller does not have permission
    at responseToError (C:\Users\mahin\AppData\Roaming\npm\node_modules\firebase-tools\lib\responseToError.js:52:12)
    at RetryOperation._fn (C:\Users\mahin\AppData\Roaming\npm\node_modules\firebase-tools\lib\apiv2.js:312:77)
    at process.processTicksAndRejections (node:internal/process/task_queues:105:5)
[error] 
[error] Error: Failed to get Firebase project scic-6099e. Please make sure the project exists and your account has permission to access it.
[debug] [2025-08-22T13:51:58.040Z] ----------------------------------------------------------------------
[debug] [2025-08-22T13:51:58.043Z] Command:       C:\Program Files\nodejs\node.exe C:\Users\mahin\AppData\Roaming\npm\node_modules\firebase-tools\lib\bin\firebase.js init
[debug] [2025-08-22T13:51:58.044Z] CLI Version:   14.4.0
[debug] [2025-08-22T13:51:58.044Z] Platform:      win32
[debug] [2025-08-22T13:51:58.044Z] Node Version:  v22.16.0
[debug] [2025-08-22T13:51:58.044Z] Time:          Fri Aug 22 2025 19:51:58 GMT+0600 (Bangladesh Standard Time)
[debug] [2025-08-22T13:51:58.044Z] ----------------------------------------------------------------------
[debug] 
[debug] [2025-08-22T13:51:58.304Z] > command requires scopes: ["email","openid","https://www.googleapis.com/auth/cloudplatformprojects.readonly","https://www.googleapis.com/auth/firebase","https://www.googleapis.com/auth/cloud-platform"]
[debug] [2025-08-22T13:51:58.305Z] > authorizing via signed-in user (afjalhossainmahin0@gmail.com)
[info] 
     ######## #### ########  ######## ########     ###     ######  ########
     ##        ##  ##     ## ##       ##     ##  ##   ##  ##       ##
     ######    ##  ########  ######   ########  #########  ######  ######
     ##        ##  ##    ##  ##       ##     ## ##     ##       ## ##
     ##       #### ##     ## ######## ########  ##     ##  ######  ########

You're about to initialize a Firebase project in this directory:

  C:\webdev25\SCIC\try4\quickcart

Before we get started, keep in mind:

  * You are currently outside your home directory
  * You are initializing within an existing Firebase project directory

[info] 
=== Project Setup
[info] 
[info] First, let's associate this project directory with a Firebase project.
[info] You can create multiple project aliases by running firebase use --add, 
[info] but for now we'll just set up a default project.
[info] 
[debug] [2025-08-22T13:52:06.470Z] Using project from CLI flag: scic-6099e
[debug] [2025-08-22T13:52:06.471Z] Checked if tokens are valid: true, expires at: 1755874234765
[debug] [2025-08-22T13:52:06.471Z] Checked if tokens are valid: true, expires at: 1755874234765
[debug] [2025-08-22T13:52:06.473Z] >>> [apiv2][query] GET https://firebase.googleapis.com/v1beta1/projects/scic-6099e [none]
[debug] [2025-08-22T13:52:07.045Z] <<< [apiv2][status] GET https://firebase.googleapis.com/v1beta1/projects/scic-6099e 403
[debug] [2025-08-22T13:52:07.045Z] <<< [apiv2][body] GET https://firebase.googleapis.com/v1beta1/projects/scic-6099e {"error":{"code":403,"message":"The caller does not have permission","status":"PERMISSION_DENIED"}}
[debug] [2025-08-22T13:52:07.046Z] Request to https://firebase.googleapis.com/v1beta1/projects/scic-6099e had HTTP Error: 403, The caller does not have permission
[debug] [2025-08-22T13:52:07.306Z] FirebaseError: Request to https://firebase.googleapis.com/v1beta1/projects/scic-6099e had HTTP Error: 403, The caller does not have permission
    at responseToError (C:\Users\mahin\AppData\Roaming\npm\node_modules\firebase-tools\lib\responseToError.js:52:12)
    at RetryOperation._fn (C:\Users\mahin\AppData\Roaming\npm\node_modules\firebase-tools\lib\apiv2.js:312:77)
    at process.processTicksAndRejections (node:internal/process/task_queues:105:5)
[error] 
[error] Error: Failed to get Firebase project scic-6099e. Please make sure the project exists and your account has permission to access it.
[debug] [2025-08-22T13:53:05.570Z] ----------------------------------------------------------------------
[debug] [2025-08-22T13:53:05.574Z] Command:       C:\Program Files\nodejs\node.exe C:\Users\mahin\AppData\Roaming\npm\node_modules\firebase-tools\lib\bin\firebase.js deploy
[debug] [2025-08-22T13:53:05.575Z] CLI Version:   14.4.0
[debug] [2025-08-22T13:53:05.575Z] Platform:      win32
[debug] [2025-08-22T13:53:05.575Z] Node Version:  v22.16.0
[debug] [2025-08-22T13:53:05.576Z] Time:          Fri Aug 22 2025 19:53:05 GMT+0600 (Bangladesh Standard Time)
[debug] [2025-08-22T13:53:05.576Z] ----------------------------------------------------------------------
[debug] 
[debug] [2025-08-22T13:53:05.872Z] > command requires scopes: ["email","openid","https://www.googleapis.com/auth/cloudplatformprojects.readonly","https://www.googleapis.com/auth/firebase","https://www.googleapis.com/auth/cloud-platform"]
[debug] [2025-08-22T13:53:05.873Z] > authorizing via signed-in user (afjalhossainmahin0@gmail.com)
[debug] [2025-08-22T13:53:05.873Z] [iam] checking project scic-6099e for permissions ["firebase.projects.get","firebasehosting.sites.update"]
[debug] [2025-08-22T13:53:05.874Z] Checked if tokens are valid: true, expires at: 1755874234765
[debug] [2025-08-22T13:53:05.875Z] Checked if tokens are valid: true, expires at: 1755874234765
[debug] [2025-08-22T13:53:05.876Z] >>> [apiv2][query] POST https://cloudresourcemanager.googleapis.com/v1/projects/scic-6099e:testIamPermissions [none]
[debug] [2025-08-22T13:53:05.876Z] >>> [apiv2][(partial)header] POST https://cloudresourcemanager.googleapis.com/v1/projects/scic-6099e:testIamPermissions x-goog-quota-user=projects/scic-6099e
[debug] [2025-08-22T13:53:05.876Z] >>> [apiv2][body] POST https://cloudresourcemanager.googleapis.com/v1/projects/scic-6099e:testIamPermissions {"permissions":["firebase.projects.get","firebasehosting.sites.update"]}
[debug] [2025-08-22T13:53:07.734Z] <<< [apiv2][status] POST https://cloudresourcemanager.googleapis.com/v1/projects/scic-6099e:testIamPermissions 200
[debug] [2025-08-22T13:53:07.734Z] <<< [apiv2][body] POST https://cloudresourcemanager.googleapis.com/v1/projects/scic-6099e:testIamPermissions {}
[debug] [2025-08-22T13:53:07.734Z] [iam] error while checking permissions, command may fail: Authorization failed. This account is missing the following required permissions on project scic-6099e:

  firebase.projects.get
  firebasehosting.sites.update
[debug] [2025-08-22T13:53:07.735Z] Checked if tokens are valid: true, expires at: 1755874234765
[debug] [2025-08-22T13:53:07.735Z] Checked if tokens are valid: true, expires at: 1755874234765
[debug] [2025-08-22T13:53:07.735Z] >>> [apiv2][query] GET https://firebase.googleapis.com/v1beta1/projects/scic-6099e [none]
[debug] [2025-08-22T13:53:08.244Z] <<< [apiv2][status] GET https://firebase.googleapis.com/v1beta1/projects/scic-6099e 403
[debug] [2025-08-22T13:53:08.244Z] <<< [apiv2][body] GET https://firebase.googleapis.com/v1beta1/projects/scic-6099e {"error":{"code":403,"message":"The caller does not have permission","status":"PERMISSION_DENIED"}}
[debug] [2025-08-22T13:53:08.245Z] Request to https://firebase.googleapis.com/v1beta1/projects/scic-6099e had HTTP Error: 403, The caller does not have permission
[debug] [2025-08-22T13:53:08.771Z] FirebaseError: Request to https://firebase.googleapis.com/v1beta1/projects/scic-6099e had HTTP Error: 403, The caller does not have permission
    at responseToError (C:\Users\mahin\AppData\Roaming\npm\node_modules\firebase-tools\lib\responseToError.js:52:12)
    at RetryOperation._fn (C:\Users\mahin\AppData\Roaming\npm\node_modules\firebase-tools\lib\apiv2.js:312:77)
    at process.processTicksAndRejections (node:internal/process/task_queues:105:5)
[error] 
[error] Error: Failed to get Firebase project scic-6099e. Please make sure the project exists and your account has permission to access it.
[debug] [2025-08-22T13:54:03.817Z] ----------------------------------------------------------------------
[debug] [2025-08-22T13:54:03.820Z] Command:       C:\Program Files\nodejs\node.exe C:\Users\mahin\AppData\Roaming\npm\node_modules\firebase-tools\lib\bin\firebase.js init
[debug] [2025-08-22T13:54:03.821Z] CLI Version:   14.4.0
[debug] [2025-08-22T13:54:03.821Z] Platform:      win32
[debug] [2025-08-22T13:54:03.821Z] Node Version:  v22.16.0
[debug] [2025-08-22T13:54:03.821Z] Time:          Fri Aug 22 2025 19:54:03 GMT+0600 (Bangladesh Standard Time)
[debug] [2025-08-22T13:54:03.821Z] ----------------------------------------------------------------------
[debug] 
[debug] [2025-08-22T13:54:04.076Z] > command requires scopes: ["email","openid","https://www.googleapis.com/auth/cloudplatformprojects.readonly","https://www.googleapis.com/auth/firebase","https://www.googleapis.com/auth/cloud-platform"]
[debug] [2025-08-22T13:54:04.077Z] > authorizing via signed-in user (afjalhossainmahin0@gmail.com)
[info] 
     ######## #### ########  ######## ########     ###     ######  ########
     ##        ##  ##     ## ##       ##     ##  ##   ##  ##       ##
     ######    ##  ########  ######   ########  #########  ######  ######
     ##        ##  ##    ##  ##       ##     ## ##     ##       ## ##
     ##       #### ##     ## ######## ########  ##     ##  ######  ########

You're about to initialize a Firebase project in this directory:

  C:\webdev25\SCIC\try4\quickcart

Before we get started, keep in mind:

  * You are currently outside your home directory
  * You are initializing within an existing Firebase project directory

[info] 
=== Project Setup
[info] 
[info] First, let's associate this project directory with a Firebase project.
[info] You can create multiple project aliases by running firebase use --add, 
[info] but for now we'll just set up a default project.
[info] 
[debug] [2025-08-22T13:56:10.386Z] Using project from CLI flag: scic-6099e
[debug] [2025-08-22T13:56:10.388Z] Checked if tokens are valid: true, expires at: 1755874234765
[debug] [2025-08-22T13:56:10.388Z] Checked if tokens are valid: true, expires at: 1755874234765
[debug] [2025-08-22T13:56:10.389Z] >>> [apiv2][query] GET https://firebase.googleapis.com/v1beta1/projects/scic-6099e [none]
[debug] [2025-08-22T13:56:11.048Z] <<< [apiv2][status] GET https://firebase.googleapis.com/v1beta1/projects/scic-6099e 403
[debug] [2025-08-22T13:56:11.048Z] <<< [apiv2][body] GET https://firebase.googleapis.com/v1beta1/projects/scic-6099e {"error":{"code":403,"message":"The caller does not have permission","status":"PERMISSION_DENIED"}}
[debug] [2025-08-22T13:56:11.049Z] Request to https://firebase.googleapis.com/v1beta1/projects/scic-6099e had HTTP Error: 403, The caller does not have permission
[debug] [2025-08-22T13:56:11.302Z] FirebaseError: Request to https://firebase.googleapis.com/v1beta1/projects/scic-6099e had HTTP Error: 403, The caller does not have permission
    at responseToError (C:\Users\mahin\AppData\Roaming\npm\node_modules\firebase-tools\lib\responseToError.js:52:12)
    at RetryOperation._fn (C:\Users\mahin\AppData\Roaming\npm\node_modules\firebase-tools\lib\apiv2.js:312:77)
    at process.processTicksAndRejections (node:internal/process/task_queues:105:5)
[error] 
[error] Error: Failed to get Firebase project scic-6099e. Please make sure the project exists and your account has permission to access it.
